[ERROR] 19:35:38:695 INSTANCIA/(7808:7808): No me pude conectar al servidor
[INFO] 19:35:48:704 INSTANCIA/(7820:7820): Conectado!
[ERROR] 19:35:48:704 INSTANCIA/(7820:7820): No se pudo recibir hola
[ERROR] 19:37:05:366 INSTANCIA/(7859:7859): No me pude conectar al servidor
[INFO] 19:37:24:532 INSTANCIA/(7913:7913): Conectado!
[ERROR] 19:38:30:600 INSTANCIA/(7913:7913): No se pudo recibir hola
[INFO] 19:39:44:82 INSTANCIA/(7980:7980): Conectado!
[ERROR] 19:39:44:84 INSTANCIA/(7980:7980): No se pudo recibir hola
[INFO] 19:41:49:404 INSTANCIA/(8066:8066): Conectado!
[ERROR] 19:41:49:404 INSTANCIA/(8066:8066): No se pudo recibir hola
[INFO] 19:42:36:639 INSTANCIA/(8112:8112): Conectado!
[ERROR] 19:42:36:641 INSTANCIA/(8112:8112): No se pudo recibir hola
[INFO] 19:43:47:29 INSTANCIA/(8158:8158): Conectado!
[ERROR] 19:43:47:31 INSTANCIA/(8158:8158): No se pudo recibir hola
[INFO] 19:44:26:684 INSTANCIA/(8196:8196): Conectado!
[ERROR] 19:44:26:685 INSTANCIA/(8196:8196): No se pudo recibir hola
[INFO] 19:45:24:630 INSTANCIA/(8229:8229): Conectado!
[INFO] 19:45:24:632 INSTANCIA/(8229:8229): Mensaje de hola recibido: 'Hola!'
[INFO] 19:45:48:433 INSTANCIA/(8275:8275): Conectado!
[INFO] 19:45:48:433 INSTANCIA/(8275:8275): Mensaje de hola recibido: 'Hola!'
[INFO] 19:48:20:671 INSTANCIA/(8330:8330): Conectado!
[INFO] 19:48:20:672 INSTANCIA/(8330:8330): Mensaje de hola recibido: 'Hola!'
[ERROR] 19:56:07:538 INSTANCIA/(8483:8483): No me pude conectar al servidor
[INFO] 19:56:15:622 INSTANCIA/(8497:8497): Conectado!
[INFO] 19:56:15:623 INSTANCIA/(8497:8497): Mensaje de hola recibido: 'Hola!'
[INFO] 19:57:06:973 INSTANCIA/(8542:8542): Conectado!
[INFO] 19:57:06:976 INSTANCIA/(8542:8542): Mensaje de hola recibido: 'Hola!'
[INFO] 19:57:32:119 INSTANCIA/(8555:8555): Conectado!
[INFO] 19:57:32:119 INSTANCIA/(8555:8555): Mensaje de hola recibido: 'Hola!'
[INFO] 19:58:16:662 INSTANCIA/(8577:8577): Conectado!
[INFO] 19:58:16:662 INSTANCIA/(8577:8577): Mensaje de hola recibido: 'Hola!'
[INFO] 19:59:24:253 INSTANCIA/(8625:8625): Conectado!
[INFO] 19:59:24:254 INSTANCIA/(8625:8625): Mensaje de hola recibido: 'Hola!'
[INFO] 20:01:31:607 INSTANCIA/(8660:8660): Conectado!
[INFO] 20:01:31:608 INSTANCIA/(8660:8660): Mensaje de hola recibido: 'Hola!'
[INFO] 20:03:18:389 INSTANCIA/(8738:8738): Conectado!
[INFO] 20:03:18:389 INSTANCIA/(8738:8738): Mensaje de hola recibido: 'Hola!'
[ERROR] 20:06:56:297 INSTANCIA/(8846:8846): No me pude conectar al servidor
[INFO] 20:07:05:253 INSTANCIA/(8860:8860): Conectado!
[INFO] 20:07:05:253 INSTANCIA/(8860:8860): Mensaje de hola recibido: 'Hola!'
[INFO] 20:08:35:477 INSTANCIA/(8923:8923): Conectado!
[INFO] 20:08:35:477 INSTANCIA/(8923:8923): Mensaje de hola recibido: 'Hola!'
[INFO] 20:08:39:75 INSTANCIA/(8923:8923): recibi que de 4

[INFO] 20:08:39:76 INSTANCIA/(8923:8923): recibi haceee de 4

[INFO] 20:08:54:471 INSTANCIA/(8923:8923): recibi holaaaaa de 4

[ERROR] 20:12:06:124 INSTANCIA/(9046:9046): No me pude conectar al servidor
[INFO] 20:12:11:997 INSTANCIA/(9059:9059): Conectado!
[INFO] 20:12:11:999 INSTANCIA/(9059:9059): Mensaje de hola recibido: 'Hola!'
[INFO] 20:13:01:403 INSTANCIA/(9106:9106): Conectado!
[INFO] 20:13:01:403 INSTANCIA/(9106:9106): Mensaje de hola recibido: 'Hola!'
[INFO] 20:13:22:336 INSTANCIA/(9137:9137): Conectado!
[INFO] 20:13:22:336 INSTANCIA/(9137:9137): Mensaje de hola recibido: 'Hola!'
[INFO] 20:15:28:935 INSTANCIA/(9232:9232): Conectado!
[INFO] 20:15:28:938 INSTANCIA/(9232:9232): Mensaje de hola recibido: 'Hola!'
[INFO] 20:15:31:828 INSTANCIA/(9232:9232): recibi asdasdasdads de 4

[INFO] 20:24:46:910 INSTANCIA/(9521:9521): Conectado!
[INFO] 20:24:46:911 INSTANCIA/(9521:9521): Mensaje de hola recibido: 'Hola!'
[INFO] 20:26:08:236 INSTANCIA/(9521:9521): recibi  de 4

[INFO] 20:26:16:161 INSTANCIA/(9595:9595): Conectado!
[INFO] 20:26:16:162 INSTANCIA/(9595:9595): Mensaje de hola recibido: 'Hola!'
[INFO] 20:26:29:55 INSTANCIA/(9626:9626): Conectado!
[INFO] 20:26:31:77 INSTANCIA/(9626:9626): Mensaje de hola recibido: 'Hola!'
[INFO] 20:27:13:137 INSTANCIA/(9680:9680): Conectado!
[INFO] 20:27:13:312 INSTANCIA/(9680:9680): Mensaje de hola recibido: 'Hola!'
[INFO] 20:27:34:495 INSTANCIA/(9723:9723): Conectado!
[INFO] 20:27:35:123 INSTANCIA/(9723:9723): Mensaje de hola recibido: 'Hola!'
[INFO] 20:28:29:921 INSTANCIA/(10002:10002): Conectado!
[INFO] 20:28:29:923 INSTANCIA/(10002:10002): Mensaje de hola recibido: 'Hola!'
[INFO] 20:28:55:941 INSTANCIA/(10128:10128): Conectado!
[INFO] 20:28:55:942 INSTANCIA/(10128:10128): Mensaje de hola recibido: 'Hola!'
[INFO] 20:31:52:78 INSTANCIA/(10442:10442): Conectado!
[INFO] 20:31:52:78 INSTANCIA/(10442:10442): Mensaje de hola recibido: 'Hola!'
[INFO] 20:32:27:120 INSTANCIA/(10553:10553): Conectado!
[INFO] 20:32:27:120 INSTANCIA/(10553:10553): Mensaje de hola recibido: 'Hola!'
[INFO] 20:32:32:730 INSTANCIA/(10553:10553): recibi identificate de 4

[INFO] 20:34:23:1 INSTANCIA/(10860:10860): Conectado!
[INFO] 20:34:23:1 INSTANCIA/(10860:10860): Mensaje de hola recibido: 'Hola!'
[INFO] 20:34:27:449 INSTANCIA/(10860:10860): recibi identificate de 4

[INFO] 20:34:38:224 INSTANCIA/(10860:10860): recibi asdasd de 4

[INFO] 20:36:08:940 INSTANCIA/(11174:11174): Conectado!
[INFO] 20:36:08:942 INSTANCIA/(11174:11174): Mensaje de hola recibido: 'Hola!'
[INFO] 20:40:36:882 INSTANCIA/(11760:11760): Conectado!
[INFO] 20:40:36:882 INSTANCIA/(11760:11760): Mensaje de hola recibido: 'Hola!'
[INFO] 20:40:38:259 INSTANCIA/(11805:11805): Conectado!
[INFO] 20:40:38:260 INSTANCIA/(11805:11805): Mensaje de hola recibido: 'Hola!'
[INFO] 20:42:46:591 INSTANCIA/(12312:12312): Conectado!
[INFO] 20:42:46:593 INSTANCIA/(12312:12312): Mensaje de hola recibido: 'Hola!'
[INFO] 20:43:09:609 INSTANCIA/(12566:12566): Conectado!
[INFO] 20:43:09:610 INSTANCIA/(12566:12566): Mensaje de hola recibido: 'Hola!'
[INFO] 20:43:23:437 INSTANCIA/(12712:12712): Conectado!
[INFO] 20:43:23:438 INSTANCIA/(12712:12712): Mensaje de hola recibido: 'Hola!'
[INFO] 20:45:14:740 INSTANCIA/(12712:12712): recibi asdasd de 4

[INFO] 20:45:24:824 INSTANCIA/(12712:12712): recibi asda de 4

[INFO] 20:48:03:731 INSTANCIA/(13250:13250): Conectado!
[INFO] 20:48:03:732 INSTANCIA/(13250:13250): Mensaje de hola recibido: 'Hola!'
[INFO] 20:48:06:546 INSTANCIA/(13250:13250): recibi asd de 4

[INFO] 20:49:20:729 INSTANCIA/(13433:13433): Conectado!
[INFO] 20:49:20:729 INSTANCIA/(13433:13433): Mensaje de hola recibido: 'Hola!'
[INFO] 20:49:51:587 INSTANCIA/(13433:13433): recibi  de 4

[INFO] 20:50:20:15 INSTANCIA/(13708:13708): Conectado!
[INFO] 20:50:20:16 INSTANCIA/(13708:13708): Mensaje de hola recibido: 'Hola!'
[INFO] 20:52:04:459 INSTANCIA/(14026:14026): Conectado!
[INFO] 20:52:04:459 INSTANCIA/(14026:14026): Mensaje de hola recibido: 'Hola!'
[INFO] 20:52:54:1 INSTANCIA/(14221:14221): Conectado!
[INFO] 20:52:54:4 INSTANCIA/(14221:14221): Mensaje de hola recibido: 'Hola!'
[INFO] 20:53:41:884 INSTANCIA/(14572:14572): Conectado!
[INFO] 20:53:41:884 INSTANCIA/(14572:14572): Mensaje de hola recibido: 'Hola!'
[INFO] 20:54:07:356 INSTANCIA/(14572:14572): recibi  de 4

[INFO] 20:54:57:463 INSTANCIA/(14817:14817): Conectado!
[INFO] 20:54:57:464 INSTANCIA/(14817:14817): Mensaje de hola recibido: 'Hola!'
[INFO] 20:56:02:433 INSTANCIA/(14817:14817): recibi  de 4

[INFO] 20:56:12:824 INSTANCIA/(15066:15066): Conectado!
[INFO] 20:56:12:825 INSTANCIA/(15066:15066): Mensaje de hola recibido: 'Hola!'
[INFO] 20:56:15:337 INSTANCIA/(15066:15066): recibi Identificateplanificador de 4

[INFO] 20:57:27:742 INSTANCIA/(15335:15335): Conectado!
[INFO] 20:57:27:744 INSTANCIA/(15335:15335): Mensaje de hola recibido: 'Hola!'
[INFO] 20:57:54:686 INSTANCIA/(15474:15474): Conectado!
[INFO] 20:57:54:687 INSTANCIA/(15474:15474): Mensaje de hola recibido: 'Hola!'
[ERROR] 20:58:22:729 INSTANCIA/(15629:15629): No me pude conectar al servidor
[INFO] 20:58:28:898 INSTANCIA/(15676:15676): Conectado!
[INFO] 20:58:28:898 INSTANCIA/(15676:15676): Mensaje de hola recibido: 'Hola!'
[INFO] 20:58:54:548 INSTANCIA/(15833:15833): Conectado!
[INFO] 20:58:54:548 INSTANCIA/(15833:15833): Mensaje de hola recibido: 'Hola!'
[INFO] 20:58:59:358 INSTANCIA/(15833:15833): recibi Identificate de 4

[INFO] 20:59:09:910 INSTANCIA/(15833:15833): recibi planificador de 4

[INFO] 21:00:01:362 INSTANCIA/(16306:16306): Conectado!
[INFO] 21:00:01:363 INSTANCIA/(16306:16306): Mensaje de hola recibido: 'Hola!'
[INFO] 21:00:11:926 INSTANCIA/(16306:16306): recibi Identificate de 4

[INFO] 21:00:41:451 INSTANCIA/(16485:16485): Conectado!
[INFO] 21:00:41:451 INSTANCIA/(16485:16485): Mensaje de hola recibido: 'Hola!'
[INFO] 21:00:46:323 INSTANCIA/(16485:16485): recibi Identificate de 4

[INFO] 21:01:15:396 INSTANCIA/(16632:16632): Conectado!
[INFO] 21:01:15:398 INSTANCIA/(16632:16632): Mensaje de hola recibido: 'Hola!'
[INFO] 21:01:20:584 INSTANCIA/(16632:16632): recibi asdasdasd de 4

[INFO] 21:01:51:133 INSTANCIA/(16947:16947): Conectado!
[INFO] 21:01:51:134 INSTANCIA/(16947:16947): Mensaje de hola recibido: 'Hola!'
[INFO] 21:01:57:913 INSTANCIA/(16947:16947): recibi asdasd de 4

[INFO] 00:14:54:377 INSTANCIA/(8923:8923): recibi  de 4

[INFO] 00:14:54:378 INSTANCIA/(9059:9059): recibi  de 4

[INFO] 00:14:54:378 INSTANCIA/(9106:9106): recibi  de 4

[INFO] 00:14:54:379 INSTANCIA/(9137:9137): recibi  de 4

[INFO] 00:14:54:379 INSTANCIA/(9232:9232): recibi  de 4

[INFO] 00:14:54:379 INSTANCIA/(9595:9595): recibi  de 4

[INFO] 00:14:54:380 INSTANCIA/(10002:10002): recibi  de 4

[INFO] 00:14:54:380 INSTANCIA/(10128:10128): recibi  de 4

[INFO] 00:14:54:381 INSTANCIA/(10442:10442): recibi  de 4

[INFO] 00:14:54:381 INSTANCIA/(10553:10553): recibi  de 4

[INFO] 00:14:54:381 INSTANCIA/(10860:10860): recibi  de 4

[INFO] 00:14:54:382 INSTANCIA/(11174:11174): recibi  de 4

[INFO] 00:14:54:382 INSTANCIA/(11760:11760): recibi  de 4

[INFO] 00:14:54:382 INSTANCIA/(11805:11805): recibi  de 4

[INFO] 00:14:54:383 INSTANCIA/(12312:12312): recibi  de 4

[INFO] 00:14:54:383 INSTANCIA/(12566:12566): recibi  de 4

[INFO] 00:14:54:383 INSTANCIA/(12712:12712): recibi  de 4

[INFO] 00:14:54:384 INSTANCIA/(13250:13250): recibi  de 4

[INFO] 00:14:54:384 INSTANCIA/(13708:13708): recibi  de 4

[INFO] 00:14:54:384 INSTANCIA/(14026:14026): recibi  de 4

[INFO] 00:14:54:385 INSTANCIA/(14221:14221): recibi  de 4

[INFO] 00:14:54:387 INSTANCIA/(15066:15066): recibi  de 4

[INFO] 00:14:54:387 INSTANCIA/(15335:15335): recibi Identificate de 4

[INFO] 00:14:54:387 INSTANCIA/(15676:15676): recibi Identificate de 4

[INFO] 00:14:54:387 INSTANCIA/(15833:15833): recibi planificador de 4

[INFO] 00:14:54:388 INSTANCIA/(16306:16306): recibi planificador de 4

[INFO] 00:14:54:388 INSTANCIA/(16485:16485): recibi planificador de 4

[INFO] 00:14:54:389 INSTANCIA/(16632:16632): recibi  de 4

[INFO] 00:14:54:389 INSTANCIA/(16947:16947): recibi  de 4

[INFO] 19:53:58:395 INSTANCIA/(2835:2835): Conectado!
[INFO] 19:53:58:404 INSTANCIA/(2835:2835): Mensaje de hola recibido: 'Hola!'
[INFO] 19:54:06:818 INSTANCIA/(2835:2835): recibi asdasd de 4

[INFO] 19:55:34:469 INSTANCIA/(2942:2942): Conectado!
[INFO] 19:55:34:469 INSTANCIA/(2942:2942): Mensaje de hola recibido: 'Hola!'
[INFO] 19:56:39:918 INSTANCIA/(2989:2989): Conectado!
[INFO] 19:56:39:927 INSTANCIA/(2989:2989): Mensaje de hola recibido: 'Hola!'
[INFO] 19:58:40:968 INSTANCIA/(3057:3057): Conectado!
[INFO] 19:58:40:968 INSTANCIA/(3057:3057): Mensaje de hola recibido: 'Hola!'
[INFO] 19:59:34:339 INSTANCIA/(3100:3100): Conectado!
[INFO] 19:59:34:340 INSTANCIA/(3100:3100): Mensaje de hola recibido: 'Hola!'
[INFO] 20:00:59:227 INSTANCIA/(3158:3158): Conectado!
[INFO] 20:00:59:227 INSTANCIA/(3158:3158): Mensaje de hola recibido: 'Hola!'
[INFO] 20:01:10:453 INSTANCIA/(3175:3175): Conectado!
[INFO] 20:01:10:454 INSTANCIA/(3175:3175): Mensaje de hola recibido: 'Hola!'
[INFO] 20:01:17:181 INSTANCIA/(3175:3175): recibi planificador de 4

[INFO] 20:01:41:414 INSTANCIA/(3175:3175): recibi planificador de 4

[INFO] 20:20:41:947 INSTANCIA/(4776:4776): Conectado!
[INFO] 20:20:41:947 INSTANCIA/(4776:4776): Mensaje de hola recibido: 'Hola!'
[INFO] 20:21:25:299 INSTANCIA/(4776:4776): recibi planificador de 4

[INFO] 20:24:10:838 INSTANCIA/(4888:4888): Conectado!
[INFO] 20:24:10:839 INSTANCIA/(4888:4888): Mensaje de hola recibido: 'Hola!'
[INFO] 20:24:19:764 INSTANCIA/(4888:4888): recibi planificador de 4

[INFO] 20:25:58:74 INSTANCIA/(4970:4970): Conectado!
[INFO] 20:25:58:76 INSTANCIA/(4970:4970): Mensaje de hola recibido: 'Hola!'
[INFO] 20:26:00:343 INSTANCIA/(4970:4970): recibi Identificate de 4

[INFO] 20:27:28:159 INSTANCIA/(5232:5232): Conectado!
[INFO] 20:27:28:161 INSTANCIA/(5232:5232): Mensaje de hola recibido: 'Hola!'
[INFO] 20:27:31:435 INSTANCIA/(5232:5232): recibi Identificate de 4

[INFO] 20:32:07:737 INSTANCIA/(5380:5380): Conectado!
[INFO] 20:32:07:737 INSTANCIA/(5380:5380): Mensaje de hola recibido: 'Hola!'
[INFO] 20:32:45:416 INSTANCIA/(5410:5410): Conectado!
[INFO] 20:32:45:417 INSTANCIA/(5410:5410): Mensaje de hola recibido: 'Hola!'
[INFO] 20:33:01:697 INSTANCIA/(5410:5410): recibi planificador de 4

[INFO] 20:33:37:937 INSTANCIA/(5453:5453): Conectado!
[INFO] 20:33:37:937 INSTANCIA/(5453:5453): Mensaje de hola recibido: 'Hola!'
[INFO] 20:33:41:991 INSTANCIA/(5453:5453): recibi  de 4

[INFO] 20:34:43:858 INSTANCIA/(5519:5519): Conectado!
[INFO] 20:34:43:859 INSTANCIA/(5519:5519): Mensaje de hola recibido: 'Hola!'
[INFO] 20:34:46:316 INSTANCIA/(5519:5519): recibi  de 4

[INFO] 20:43:48:520 INSTANCIA/(5692:5692): Conectado!
[INFO] 20:43:48:520 INSTANCIA/(5692:5692): Mensaje de hola recibido: 'Hola!'
[INFO] 20:45:33:2 INSTANCIA/(5769:5769): Conectado!
[INFO] 20:45:33:3 INSTANCIA/(5769:5769): Mensaje de hola recibido: 'Hola!'
[INFO] 20:45:40:655 INSTANCIA/(5769:5769): recibi Identificate de 4

[ERROR] 20:46:03:394 INSTANCIA/(5783:5783): No me pude conectar al servidor
[INFO] 20:46:12:462 INSTANCIA/(5795:5795): Conectado!
[INFO] 20:46:12:462 INSTANCIA/(5795:5795): Mensaje de hola recibido: 'Hola!'
[INFO] 20:46:15:644 INSTANCIA/(5795:5795): recibi Identificate de 4

[INFO] 20:47:04:670 INSTANCIA/(5836:5836): Conectado!
[INFO] 20:47:04:670 INSTANCIA/(5836:5836): Mensaje de hola recibido: 'Hola!'
[INFO] 20:47:06:804 INSTANCIA/(5836:5836): recibi  de 4

[INFO] 20:47:16:773 INSTANCIA/(5836:5836): recibi planificador de 4

[INFO] 20:47:39:382 INSTANCIA/(5836:5836): recibi planificador de 4

[INFO] 20:53:22:714 INSTANCIA/(5929:5929): Conectado!
[INFO] 20:53:22:715 INSTANCIA/(5929:5929): Mensaje de hola recibido: 'Hola!'
[INFO] 20:53:34:289 INSTANCIA/(5929:5929): recibi  de 4

[INFO] 20:54:17:14 INSTANCIA/(5972:5972): Conectado!
[INFO] 20:54:17:15 INSTANCIA/(5972:5972): Mensaje de hola recibido: 'Hola!'
[INFO] 20:54:29:142 INSTANCIA/(5972:5972): recibi asdasdas de 4

[INFO] 20:54:36:462 INSTANCIA/(5972:5972): recibi holaquetal de 4

[INFO] 20:57:27:562 INSTANCIA/(6053:6053): Conectado!
[INFO] 20:57:27:565 INSTANCIA/(6053:6053): Mensaje de hola recibido: 'Hola!'
[INFO] 20:57:29:733 INSTANCIA/(6053:6053): recibi asdasdasd de 4

[INFO] 20:57:35:194 INSTANCIA/(6053:6053): recibi holaaaaaa de 4

[INFO] 21:14:04:509 INSTANCIA/(8581:8581): Conectado!
[INFO] 21:14:04:509 INSTANCIA/(8581:8581): Mensaje de hola recibido: 'Hola!'
[ERROR] 21:16:23:527 INSTANCIA/(8656:8656): No me pude conectar al servidor
[INFO] 21:16:28:587 INSTANCIA/(8672:8672): Conectado!
[INFO] 21:16:28:587 INSTANCIA/(8672:8672): Mensaje de hola recibido: 'Hola!'
[INFO] 21:16:32:966 INSTANCIA/(8672:8672): recibi que de planificador

[INFO] 21:16:32:966 INSTANCIA/(8672:8672): recibi haces de planificador

[INFO] 21:16:32:966 INSTANCIA/(8672:8672): recibi guachen de planificador

[INFO] 21:18:33:253 Consola-Planificador/(8718:8718): Conectado!
[INFO] 21:18:33:258 Consola-Planificador/(8718:8718): Mensaje de hola recibido: 'Hola!'
[INFO] 21:18:39:88 Consola-Planificador/(8718:8718): recibi asdasd de planificador

[INFO] 21:19:28:100 Consola-Planificador/(8764:8764): Conectado!
[INFO] 21:19:28:101 Consola-Planificador/(8764:8764): Mensaje de hola recibido: 'Hola!'
[INFO] 21:19:35:874 Consola-Planificador/(8764:8764): envie daleQueSoVo a planificador

[INFO] 21:19:35:874 Consola-Planificador/(8764:8764): recibi daleQueSoVo de planificador

[INFO] 21:19:49:672 Consola-Planificador/(8764:8764): envie deale a planificador

[INFO] 21:19:49:672 Consola-Planificador/(8764:8764): recibi deale de planificador

[INFO] 21:19:49:672 Consola-Planificador/(8764:8764): envie que a planificador

[INFO] 21:19:49:672 Consola-Planificador/(8764:8764): recibi que de planificador

[INFO] 21:19:49:672 Consola-Planificador/(8764:8764): envie so a planificador

[INFO] 21:19:49:672 Consola-Planificador/(8764:8764): recibi so de planificador

[INFO] 21:19:49:672 Consola-Planificador/(8764:8764): envie vo a planificador

[INFO] 21:19:49:672 Consola-Planificador/(8764:8764): recibi vo de planificador

[INFO] 21:40:58:689 Consola-Planificador/(9262:9262): Conectado!
[ERROR] 21:40:59:21 Consola-Planificador/(9262:9262): No se pudo recibir hola
[INFO] 21:41:27:678 Consola-Planificador/(9280:9280): Conectado!
[ERROR] 21:41:27:786 Consola-Planificador/(9280:9280): No se pudo recibir hola
[INFO] 21:51:02:434 Consola-Planificador/(9523:9523): Conectado!
[INFO] 21:51:02:434 Consola-Planificador/(9523:9523): Mensaje de hola recibido: 'Hola!'
[INFO] 21:51:09:807 Consola-Planificador/(9523:9523): envie guacheeeeeeeeeeeeeeen a planificador

[INFO] 21:51:09:807 Consola-Planificador/(9523:9523): recibi guacheeeeeeeeeeeeeeen de planificador

[INFO] 21:57:18:423 Consola-Planificador/(9619:9619): Conectado!
[INFO] 21:57:18:424 Consola-Planificador/(9619:9619): Mensaje de hola recibido: 'Hola!'
[INFO] 21:57:22:334 Consola-Planificador/(9619:9619): envie aaaaaaaaaaaaaaaaaaaaaaaaaaaaa a planificador

[INFO] 21:57:22:334 Consola-Planificador/(9619:9619): recibi aaaaaaaaaaaaaaaaaaaaaaaaaaaaa de planificador

[INFO] 22:03:52:752 Consola-Planificador/(9805:9805): Conectado!
[INFO] 22:03:52:754 Consola-Planificador/(9805:9805): Mensaje de hola recibido: 'Hola!'
[INFO] 22:03:58:112 Consola-Planificador/(9805:9805): envie asdasd a plan

[INFO] 22:03:58:112 Consola-Planificador/(9805:9805): recibi asdasd de plan

[INFO] 22:05:59:606 Consola-Planificador/(9873:9873): Conectado!
[INFO] 22:05:59:606 Consola-Planificador/(9873:9873): Mensaje de hola recibido: 'Hola!'
[INFO] 22:06:40:974 Consola-Planificador/(9892:9892): Conectado!
[INFO] 22:06:40:975 Consola-Planificador/(9892:9892): Mensaje de hola recibido: 'Hola!'
[INFO] 22:07:01:11 Consola-Planificador/(9892:9892): envie asdasd a plan

[INFO] 22:07:01:11 Consola-Planificador/(9892:9892): recibi asdasd de plan

[INFO] 22:07:09:452 Consola-Planificador/(9892:9892): envie gggggfdgfdfgdgfdfgdfgdfgd a plan

[INFO] 22:07:09:452 Consola-Planificador/(9892:9892): recibi gggggfdgfdfgdgfdfgdfgdfgd de plan

[INFO] 22:08:40:595 Consola-Planificador/(9945:9945): Conectado!
[INFO] 22:08:40:595 Consola-Planificador/(9945:9945): Mensaje de hola recibido: 'Hola!'
[INFO] 22:08:57:418 Consola-Planificador/(9977:9977): Conectado!
[INFO] 22:08:57:419 Consola-Planificador/(9977:9977): Mensaje de hola recibido: 'Hola!'
[INFO] 22:11:06:958 Consola-Planificador/(10075:10075): Conectado!
[INFO] 22:11:06:958 Consola-Planificador/(10075:10075): Mensaje de hola recibido: 'Hola!'
[INFO] 22:11:53:367 Consola-Planificador/(10121:10121): Conectado!
[INFO] 22:11:53:368 Consola-Planificador/(10121:10121): Mensaje de hola recibido: 'Hola!'
[INFO] 22:13:18:105 Consola-Planificador/(10172:10172): Conectado!
[INFO] 22:13:18:106 Consola-Planificador/(10172:10172): Mensaje de hola recibido: 'Hola!'
[INFO] 22:13:20:449 Consola-Planificador/(10172:10172): envie asdasd a plan

[INFO] 22:13:20:449 Consola-Planificador/(10172:10172): recibi asdasd de plan

[INFO] 22:14:26:251 Consola-Planificador/(10218:10218): Conectado!
[INFO] 22:14:26:252 Consola-Planificador/(10218:10218): Mensaje de hola recibido: 'Hola!'
[INFO] 22:14:34:390 Consola-Planificador/(10218:10218): envie asddsadsa a 

[INFO] 22:14:34:390 Consola-Planificador/(10218:10218): recibi  de 

[INFO] 22:15:31:632 Consola-Planificador/(10277:10277): Conectado!
[INFO] 22:15:31:632 Consola-Planificador/(10277:10277): Mensaje de hola recibido: 'Hola!'
[INFO] 22:18:11:914 Consola-Planificador/(10353:10353): Conectado!
[INFO] 22:18:11:915 Consola-Planificador/(10353:10353): Mensaje de hola recibido: 'Hola!'
[INFO] 22:18:28:557 Consola-Planificador/(10353:10353): envie asdasd a plan

[INFO] 22:18:28:557 Consola-Planificador/(10353:10353): recibi asdasd de plan

[INFO] 22:19:48:159 Consola-Planificador/(10353:10353): envie kljfslkaslkaklfjalkfjaklsjflkasflkajflkjalkfjalkjfslkasfjafsj a plan

[INFO] 22:19:48:159 Consola-Planificador/(10353:10353): recibi kljfslkaslkaklfjalkfjaklsjflkasflkajflkjalkfjalkjfslkasfjafsj de plan

[INFO] 22:22:16:400 Consola-Planificador/(10440:10440): Conectado!
[INFO] 22:22:16:403 Consola-Planificador/(10440:10440): Mensaje de hola recibido: 'Hola!'
[INFO] 22:22:19:499 Consola-Planificador/(10440:10440): envie asdasdasdasd a planificador

[INFO] 22:22:19:499 Consola-Planificador/(10440:10440): recibi asdasdasdasd de planificador

