[INFO] 21:50:50:253 Planificador/(9515:9515): Listening socket is readable

[INFO] 21:50:50:253 Planificador/(9515:9515):   New incoming connection - 5

[INFO] 21:51:02:433 Planificador/(9515:9515): Listening socket is readable

[INFO] 21:51:02:433 Planificador/(9515:9515):   New incoming connection - 7

[INFO] 21:51:02:434 Planificador/(9515:9515):   Descriptor 7 is readable

[INFO] 21:51:02:434 Planificador/(9515:9515):   12 bytes received

[INFO] 21:51:02:434 Planificador/(9515:9515): Enviado: planificador
[INFO] 21:51:09:807 Planificador/(9515:9515):   Descriptor 7 is readable

[INFO] 21:51:09:807 Planificador/(9515:9515):   21 bytes received

[INFO] 21:51:09:807 Planificador/(9515:9515): Enviado: guacheeeeeeeeeeeeeeen
[INFO] 21:54:09:899 Planificador/(9515:9515):   poll() timed out.  End program.

[INFO] 21:57:18:418 Planificador/(9603:9603): Listening socket is readable

[INFO] 21:57:18:418 Planificador/(9603:9603):   New incoming connection - 5

[INFO] 21:57:18:424 Planificador/(9603:9603):   Descriptor 5 is readable

[INFO] 21:57:18:424 Planificador/(9603:9603):   12 bytes received

[INFO] 21:57:18:424 Planificador/(9603:9603):   Identificate bytes received

[INFO] 21:57:18:424 Planificador/(9603:9603): Enviado: planificador
[INFO] 21:57:22:334 Planificador/(9603:9603):   Descriptor 5 is readable

[INFO] 21:57:22:334 Planificador/(9603:9603):   29 bytes received

[INFO] 21:57:22:334 Planificador/(9603:9603):   aaaaaaaaaaaaaaaaaaaaaaaaaaaaa bytes received

[INFO] 21:57:22:334 Planificador/(9603:9603): Enviado: aaaaaaaaaaaaaaaaaaaaaaaaaaaaa
[ERROR] 21:59:51:116 Planificador/(9689:9689): bind() failed
[INFO] 22:03:52:747 Planificador/(9797:9797): Listening socket is readable

[INFO] 22:03:52:747 Planificador/(9797:9797):   New incoming connection - 5

[INFO] 22:03:52:754 Planificador/(9797:9797):   Descriptor 5 is readable

[INFO] 22:03:52:754 Planificador/(9797:9797):   12 bytes received

[INFO] 22:03:52:754 Planificador/(9797:9797):  recibido: Identificate 

[INFO] 22:03:52:754 Planificador/(9797:9797): Enviado: planificador
[INFO] 22:03:58:112 Planificador/(9797:9797):   Descriptor 5 is readable

[INFO] 22:03:58:112 Planificador/(9797:9797):   6 bytes received

[INFO] 22:03:58:112 Planificador/(9797:9797):  recibido: asdasd 

[INFO] 22:03:58:112 Planificador/(9797:9797): Enviado: asdasd
[INFO] 22:05:59:605 Planificador/(9865:9865): Listening socket is readable

[INFO] 22:05:59:606 Planificador/(9865:9865):   New incoming connection - 5

[INFO] 22:05:59:606 Planificador/(9865:9865):   Descriptor 5 is readable

[INFO] 22:05:59:606 Planificador/(9865:9865):   12 bytes received

[INFO] 22:05:59:606 Planificador/(9865:9865):  recibido: Identificate 

[INFO] 22:05:59:606 Planificador/(9865:9865): Enviado: planificador
[INFO] 22:06:40:974 Planificador/(9880:9880): Listening socket is readable

[INFO] 22:06:40:974 Planificador/(9880:9880):   New incoming connection - 5

[INFO] 22:06:40:975 Planificador/(9880:9880):   Descriptor 5 is readable

[INFO] 22:06:40:975 Planificador/(9880:9880):   12 bytes received

[INFO] 22:06:40:975 Planificador/(9880:9880):  recibido: Identificate 

[INFO] 22:06:40:975 Planificador/(9880:9880): Enviado: planificador
[INFO] 22:07:01:11 Planificador/(9880:9880):   Descriptor 5 is readable

[INFO] 22:07:01:11 Planificador/(9880:9880):   6 bytes received

[INFO] 22:07:01:11 Planificador/(9880:9880):  recibido: asdasd 

[INFO] 22:07:01:11 Planificador/(9880:9880): Enviado: asdasd
[INFO] 22:07:09:452 Planificador/(9880:9880):   Descriptor 5 is readable

[INFO] 22:07:09:452 Planificador/(9880:9880):   25 bytes received

[INFO] 22:07:09:452 Planificador/(9880:9880):  recibido: gggggfdgfdfgdgfdfgdfgdfgd 

[INFO] 22:07:09:452 Planificador/(9880:9880): Enviado: gggggfdgfdfgdgfdfgdfgdfgd
[INFO] 22:08:40:594 Planificador/(9880:9880): Listening socket is readable

[INFO] 22:08:40:594 Planificador/(9880:9880):   New incoming connection - 7

[INFO] 22:08:40:595 Planificador/(9880:9880):   Descriptor 7 is readable

[INFO] 22:08:40:595 Planificador/(9880:9880):   12 bytes received

[INFO] 22:08:40:595 Planificador/(9880:9880):  recibido: Identificate 

[INFO] 22:08:40:595 Planificador/(9880:9880): Enviado: planificador
[INFO] 22:08:57:418 Planificador/(9880:9880): Listening socket is readable

[INFO] 22:08:57:418 Planificador/(9880:9880):   New incoming connection - 8

[INFO] 22:08:57:419 Planificador/(9880:9880):   Descriptor 8 is readable

[INFO] 22:08:57:419 Planificador/(9880:9880):   12 bytes received

[INFO] 22:08:57:419 Planificador/(9880:9880):  recibido: Identificate 

[INFO] 22:08:57:419 Planificador/(9880:9880): Enviado: planificador
[ERROR] 22:10:57:190 Planificador/(10056:10056): bind() failed
[INFO] 22:11:06:956 Planificador/(10050:10050): Listening socket is readable

[INFO] 22:11:06:956 Planificador/(10050:10050):   New incoming connection - 5

[INFO] 22:11:06:958 Planificador/(10050:10050):   Descriptor 5 is readable

[INFO] 22:11:06:958 Planificador/(10050:10050):   12 bytes received

[INFO] 22:11:06:958 Planificador/(10050:10050):  recibido: Identificate 

[INFO] 22:11:06:958 Planificador/(10050:10050): Enviado: planificador
[INFO] 22:11:53:367 Planificador/(10113:10113): Listening socket is readable

[INFO] 22:11:53:367 Planificador/(10113:10113):   New incoming connection - 5

[INFO] 22:11:53:368 Planificador/(10113:10113):   Descriptor 5 is readable

[INFO] 22:11:53:368 Planificador/(10113:10113):   12 bytes received

[INFO] 22:11:53:368 Planificador/(10113:10113):  recibido: Identificate 

[INFO] 22:11:53:368 Planificador/(10113:10113): Enviado: planificador
[INFO] 22:13:18:103 Planificador/(10164:10164): Listening socket is readable

[INFO] 22:13:18:104 Planificador/(10164:10164):   New incoming connection - 5

[INFO] 22:13:18:106 Planificador/(10164:10164):   Descriptor 5 is readable

[INFO] 22:13:18:106 Planificador/(10164:10164):   12 bytes received

[INFO] 22:13:18:106 Planificador/(10164:10164):  recibido: Identificate 

[INFO] 22:13:18:106 Planificador/(10164:10164): Enviado: planificador
[INFO] 22:13:20:449 Planificador/(10164:10164):   Descriptor 5 is readable

[INFO] 22:13:20:449 Planificador/(10164:10164):   6 bytes received

[INFO] 22:13:20:449 Planificador/(10164:10164):  recibido: asdasd 

[INFO] 22:13:20:449 Planificador/(10164:10164): Enviado: asdasd
[INFO] 22:14:26:251 Planificador/(10210:10210): Listening socket is readable

[INFO] 22:14:26:251 Planificador/(10210:10210):   New incoming connection - 5

[INFO] 22:14:26:252 Planificador/(10210:10210):   Descriptor 5 is readable

[INFO] 22:14:26:252 Planificador/(10210:10210):   12 bytes received

[INFO] 22:14:26:252 Planificador/(10210:10210):  recibido: Identificate 

[INFO] 22:14:26:252 Planificador/(10210:10210): Enviado: planificador
[ERROR] 22:14:26:252 Planificador/(10210:10210):   send() failed
[INFO] 22:15:31:631 Planificador/(10270:10270): Listening socket is readable

[INFO] 22:15:31:631 Planificador/(10270:10270):   New incoming connection - 5

[INFO] 22:15:31:632 Planificador/(10270:10270):   Descriptor 5 is readable

[INFO] 22:15:31:632 Planificador/(10270:10270):   12 bytes received

[INFO] 22:15:31:632 Planificador/(10270:10270):  recibido: Identificate 

[INFO] 22:15:31:632 Planificador/(10270:10270): Enviado: planificador
[INFO] 22:18:11:913 Planificador/(10345:10345): Listening socket is readable

[INFO] 22:18:11:914 Planificador/(10345:10345):   New incoming connection - 5

[INFO] 22:18:11:915 Planificador/(10345:10345):   Descriptor 5 is readable

[INFO] 22:18:11:915 Planificador/(10345:10345):   12 bytes received

[INFO] 22:18:11:915 Planificador/(10345:10345):  recibido: Identificate 

[INFO] 22:18:11:915 Planificador/(10345:10345): Enviado: planificador
[INFO] 22:18:28:557 Planificador/(10345:10345):   Descriptor 5 is readable

[INFO] 22:18:28:557 Planificador/(10345:10345):   6 bytes received

[INFO] 22:18:28:557 Planificador/(10345:10345):  recibido: asdasd 

[INFO] 22:18:28:557 Planificador/(10345:10345): Enviado: asdasd
[INFO] 22:19:48:159 Planificador/(10345:10345):   Descriptor 5 is readable

[INFO] 22:19:48:159 Planificador/(10345:10345):   61 bytes received

[INFO] 22:19:48:159 Planificador/(10345:10345):  recibido: kljfslkaslkaklfjalkfjaklsjflkasflkajflkjalkfjalkjfslkasfjafsj 

[INFO] 22:19:48:159 Planificador/(10345:10345): Enviado: kljfslkaslkaklfjalkfjaklsjflkasflkajflkjalkfjalkjfslkasfjafsj
[INFO] 22:22:16:400 Planificador/(10430:10430): Listening socket is readable

[INFO] 22:22:16:400 Planificador/(10430:10430):   New incoming connection - 5

[INFO] 22:22:16:403 Planificador/(10430:10430):   Descriptor 5 is readable

[INFO] 22:22:16:403 Planificador/(10430:10430):   12 bytes received

[INFO] 22:22:16:403 Planificador/(10430:10430):  recibido: Identificate 

[INFO] 22:22:16:403 Planificador/(10430:10430): Enviado: planificador
[INFO] 22:22:19:499 Planificador/(10430:10430):   Descriptor 5 is readable

[INFO] 22:22:19:499 Planificador/(10430:10430):   12 bytes received

[INFO] 22:22:19:499 Planificador/(10430:10430):  recibido: asdasdasdasd 

[INFO] 22:22:19:499 Planificador/(10430:10430): Enviado: asdasdasdasd
[INFO] 22:25:19:598 Planificador/(10430:10430):   poll() timed out.  End program.

[INFO] 21:40:08:747 Planificador/(5205:5205): Listening socket is readable

[INFO] 21:40:08:747 Planificador/(5205:5205):   New incoming connection - 5

[INFO] 21:40:08:747 Planificador/(5205:5205):   Descriptor 5 is readable

[INFO] 21:40:08:747 Planificador/(5205:5205):   12 bytes received

[INFO] 21:40:08:747 Planificador/(5205:5205):  recibido: Identificate 

[INFO] 21:40:08:747 Planificador/(5205:5205): Enviado: planificador
[INFO] 21:40:17:723 Planificador/(5205:5205):   Descriptor 5 is readable

[INFO] 21:40:17:723 Planificador/(5205:5205):   12 bytes received

[INFO] 21:40:17:724 Planificador/(5205:5205):  recibido: asdasdasdasd 

[INFO] 21:40:17:724 Planificador/(5205:5205): Enviado: asdasdasdasd
[INFO] 21:43:17:822 Planificador/(5205:5205):   poll() timed out.  End program.

